[00:04:45] [Server thread/WARN]: Mismatch in destroy block pos: fu{x=-508, y=82, z=93} fu{x=-508, y=83, z=93}
[00:04:45] [Server thread/WARN]: Mismatch in destroy block pos: fu{x=-508, y=82, z=93} fu{x=-508, y=83, z=93}
[00:04:59] [Server thread/INFO]: mesum lost connection: Disconnected
[00:04:59] [Server thread/INFO]: mesum left the game
[00:05:14] [Server thread/INFO]: mesum[/42.201.188.80:40455] logged in with entity id 3654 at (-508.7372297659053, 68.0, 96.87493166788502)
[00:05:14] [Server thread/INFO]: mesum joined the game
[00:17:30] [Server thread/INFO]: 007Sameer[/202.47.50.2:54815] logged in with entity id 5447 at (-447.95576034123854, 64.5, -7.291793104095983)
[00:17:30] [Server thread/INFO]: 007Sameer joined the game
[00:17:42] [Server thread/INFO]: <007Sameer> helloo
[00:17:48] [Server thread/INFO]: mesum was slain by Spider
[00:18:17] [Server thread/INFO]: <mesum> where are u
[00:19:17] [Server thread/INFO]: 007Sameer lost connection: Timed out
[00:19:17] [Server thread/INFO]: 007Sameer left the game
[00:19:19] [Server thread/INFO]: 007Sameer[/202.47.50.2:54941] logged in with entity id 5757 at (-469.1255959706521, 76.0, -8.165500083116838)
[00:19:19] [Server thread/INFO]: 007Sameer joined the game
[00:19:52] [Server thread/INFO]: <Sami> nice!
[00:19:54] [Server thread/INFO]: <007Sameer> how's life
[00:20:01] [Server thread/INFO]: <Sami> mesum ka first day hay
[00:20:02] [Server thread/INFO]: <007Sameer> and why not find a yellow skin xD
[00:20:04] [Server thread/INFO]: <Sami> minecraft may
[00:20:07] [Server thread/INFO]: <007Sameer> ooooo
[00:20:19] [Server thread/INFO]: <007Sameer> first of infinite
[00:20:30] [Server thread/INFO]: mesum lost connection: Timed out
[00:20:30] [Server thread/INFO]: mesum left the game
[00:20:37] [Server thread/INFO]: mesum[/42.201.188.80:45627] logged in with entity id 5879 at (-462.95891843843054, 76.0, -8.060306169471357)
[00:20:37] [Server thread/INFO]: mesum joined the game
[00:20:43] [Server thread/INFO]: <007Sameer> is it lagging for you guys too or is my net bad
[00:20:50] [Server thread/INFO]: <Sami> not lagging for me
[00:20:58] [Server thread/INFO]: mesum lost connection: Timed out
[00:20:58] [Server thread/INFO]: mesum left the game
[00:21:02] [Server thread/INFO]: mesum[/42.201.188.80:45934] logged in with entity id 5916 at (-462.95891843843054, 76.0, -8.060306169471357)
[00:21:02] [Server thread/INFO]: mesum joined the game
[00:21:57] [Server thread/WARN]: mesum moved too quickly! 2.3718881523664663,0.5,-9.72646326999477
[00:21:57] [Server thread/WARN]: Sami moved too quickly! -7.5631282881359425,-1.0,6.795623987893158
[00:22:32] [Server thread/INFO]: mesum lost connection: Timed out
[00:22:32] [Server thread/INFO]: mesum left the game
[00:22:45] [Server thread/INFO]: mesum[/42.201.188.80:39880] logged in with entity id 6112 at (-447.91949474766324, 65.0, -14.740459062005579)
[00:22:45] [Server thread/INFO]: mesum joined the game
[00:23:04] [Server thread/WARN]: mesum moved too quickly! -0.9333210259266025,0.0625,-10.031158992265404
[00:24:33] [Server thread/INFO]: mesum lost connection: Disconnected
[00:24:33] [Server thread/INFO]: mesum left the game
[00:24:35] [Server thread/INFO]: mesum[/42.201.188.80:41719] logged in with entity id 6440 at (-439.42796587239246, 72.0625, -99.97964744902714)
[00:24:35] [Server thread/INFO]: mesum joined the game
[00:26:10] [Server thread/INFO]: mesum lost connection: Timed out
[00:26:10] [Server thread/INFO]: mesum left the game
[00:26:12] [Server thread/INFO]: mesum[/42.201.188.80:43091] logged in with entity id 6728 at (-444.5355962444663, 72.0, -100.15702527305561)
[00:26:12] [Server thread/INFO]: mesum joined the game
[00:28:30] [Server thread/INFO]: <007Sameer> sami, got any nautilus shells?
[00:28:36] [Server thread/INFO]: <Sami> nope
[00:28:47] [Server thread/INFO]: <Sami> acha going to sleep
[00:28:53] [Server thread/INFO]: <Sami> mesum ko basics batadiyay hain
[00:29:00] [Server thread/INFO]: <Sami> help kardayna pls if he asks
[00:29:06] [Server thread/INFO]: <007Sameer> he is welcome to ask for anything
[00:29:13] [Server thread/INFO]: <007Sameer> Allah Hafiz
[00:29:17] [Server thread/INFO]: <Sami> allah hafiz
[00:29:19] [Server thread/INFO]: Sami lost connection: Disconnected
[00:29:19] [Server thread/INFO]: Sami left the game
[00:29:34] [Server thread/INFO]: <007Sameer> you do know how to type in this right?
[00:29:53] [Server thread/INFO]: <mesum> yes
[00:29:56] [Server thread/INFO]: <007Sameer> ok set
[00:30:11] [Server thread/INFO]: [@: Teleported 007Sameer to 13332.5, 98.0, 6695.5]
[00:30:11] [Server thread/WARN]: Entity ze['007Sameer'/5757, l='ServerLevel[world]', x=13332.50, y=98.00, z=6695.50] left loaded chunk area
[00:30:30] [Server thread/INFO]: [@: Teleported 007Sameer to -423.5, 65.5, 11.5]
[00:30:41] [Server thread/INFO]: <007Sameer> got a bed?
[00:31:01] [Server thread/INFO]: <mesum> nope
[00:31:10] [Server thread/INFO]: <007Sameer> go to anyone's house here, bed hoga, sojao
[00:31:33] [Server thread/INFO]: <007Sameer> that is way to accelerate through the night, cause mobs spawn in the dark and unless necessary avoid krty hain
[00:31:40] [Server thread/INFO]: <007Sameer> if you didn't know i.e.
[00:31:43] [Server thread/INFO]: <mesum> ok
[00:32:45] [Server thread/INFO]: <007Sameer> did you find a bed?
[00:33:11] [Server thread/INFO]: mesum has made the advancement [Sweet Dreams]
[00:33:20] [Server thread/INFO]: <007Sameer> set thnx
[00:34:11] [Server thread/INFO]: <007Sameer> sup
[00:35:20] [Server thread/INFO]: <007Sameer> wanna see our 1.12 wali world?
[00:35:22] [Server thread/INFO]: <007Sameer> if you haven't
[00:35:56] [Server thread/INFO]: <mesum> ok
[00:36:08] [Server thread/INFO]: <007Sameer> meet me at the beacon
[00:36:25] [Server thread/INFO]: <007Sameer> one sec
[00:36:29] [Server thread/INFO]: <007Sameer> lemme check out this trader
[00:37:01] [Server thread/INFO]: <007Sameer> here press this button
[00:37:05] [Server thread/INFO]: [@: Teleported 007Sameer to 13332.5, 98.0, 6695.5]
[00:37:05] [Server thread/WARN]: Entity ze['007Sameer'/5757, l='ServerLevel[world]', x=13332.50, y=98.00, z=6695.50] left loaded chunk area
[00:37:18] [Server thread/INFO]: [@: Teleported mesum to 13332.5, 98.0, 6695.5]
[00:37:25] [Server thread/INFO]: <007Sameer> welcome
[00:37:37] [Server thread/INFO]: <007Sameer> so this is the farm area
[00:37:56] [Server thread/INFO]: <007Sameer> had loads of sheep here
[00:38:12] [Server thread/INFO]: <007Sameer> cows and chicken
[00:38:21] [Server thread/INFO]: <007Sameer> the farm was mostly Sami's work
[00:38:29] [Server thread/INFO]: <007Sameer> so was this fountain
[00:38:39] [Server thread/INFO]: <mesum> ok good
[00:38:47] [Server thread/INFO]: <007Sameer> yeh alishaan pathar ka tower Umair and burhan ka hy xD
[00:39:04] [Server thread/INFO]: <007Sameer> yeh evil lair osama ki
[00:39:11] [Server thread/INFO]: <mesum> wah
[00:39:28] [Server thread/INFO]: <007Sameer> double tap w for speed
[00:39:39] [Server thread/INFO]: <007Sameer> here is the forest
[00:40:38] [Server thread/INFO]: <007Sameer> the forest
[00:40:42] [Server thread/INFO]: <007Sameer> and our old stable
[00:40:46] [Server thread/INFO]: <mesum> wow
[00:40:56] [Server thread/INFO]: <mesum> old?
[00:41:05] [Server thread/INFO]: <007Sameer> yea the first one
[00:41:09] [Server thread/INFO]: <007Sameer> come here
[00:41:43] [Server thread/INFO]: <007Sameer> here
[00:41:49] [Server thread/INFO]: <007Sameer> was just clearing the path xD
[00:42:00] [Server thread/INFO]: <007Sameer> this was my archery tower
[00:42:23] [Server thread/INFO]: <007Sameer> jump onto the chest and onto the ladder
[00:42:39] [Server thread/INFO]: <007Sameer> this bridge connected to my mansion
[00:43:07] [Server thread/INFO]: <007Sameer> jump and running with a roof gives speed boost
[00:43:24] [Server thread/INFO]: <007Sameer> over here is the enchantment setup
[00:43:29] [Server thread/INFO]: <007Sameer> middle game thing
[00:43:52] [Server thread/INFO]: <007Sameer> where you going
[00:44:53] [Server thread/INFO]: mesum lost connection: Disconnected
[00:44:53] [Server thread/INFO]: mesum left the game
[00:46:47] [Server thread/INFO]: mesum[/42.201.188.80:45087] logged in with entity id 10427 at (13345.01143254679, 93.0, 6769.355877146722)
[00:46:47] [Server thread/INFO]: mesum joined the game
[00:47:43] [Server thread/INFO]: mesum was shot by Skeleton
[00:47:46] [Server thread/INFO]: mesum lost connection: Disconnected
[00:47:46] [Server thread/INFO]: mesum left the game
[00:49:06] [Server thread/INFO]: mesum[/42.201.188.80:39597] logged in with entity id 10782 at (13362.649956014853, 95.0, 6771.852442272981)
[00:49:06] [Server thread/INFO]: mesum joined the game
[00:49:44] [Server thread/INFO]: <mesum> hello
[00:50:10] [Server thread/INFO]: <007Sameer> hello
[00:50:17] [Server thread/INFO]: <007Sameer> sup
[00:51:13] [Server thread/INFO]: <mesum> should we sleep
[00:51:20] [Server thread/INFO]: <007Sameer> your choice, I am good either ways
[00:51:21] [Server thread/INFO]: <007Sameer> on bed
[00:52:46] [Server thread/INFO]: [@: Teleported 007Sameer to -423.5, 65.5, 11.5]
[00:54:28] [Server thread/INFO]: mesum lost connection: Disconnected
[00:54:28] [Server thread/INFO]: mesum left the game
[00:54:48] [Server thread/INFO]: mesum[/42.201.188.80:43770] logged in with entity id 12201 at (-464.7726480836098, 63.42159999847412, 4.699999988079058)
[00:54:48] [Server thread/INFO]: mesum joined the game
[00:55:23] [Server thread/INFO]: mesum lost connection: Disconnected
[00:55:23] [Server thread/INFO]: mesum left the game
[00:56:12] [Server thread/INFO]: mesum[/42.201.188.80:44813] logged in with entity id 12357 at (-464.7726480836098, 63.0, 4.699999988079058)
[00:56:12] [Server thread/INFO]: mesum joined the game
[00:56:16] [Server thread/INFO]: mesum lost connection: You logged in from another location
[00:56:16] [Server thread/INFO]: mesum left the game
[00:56:16] [Server thread/INFO]: mesum[/42.201.188.80:44842] logged in with entity id 12373 at (-463.9576410895744, 63.5, 4.300000011920929)
[00:56:16] [Server thread/INFO]: mesum joined the game
[00:56:53] [Server thread/INFO]: <mesum> internet isnt working properly.i guess i should leave
[00:58:40] [Server thread/INFO]: <007Sameer> ah
[00:58:43] [Server thread/INFO]: <007Sameer> reset router?
[00:59:38] [Server thread/INFO]: [@: Teleported 007Sameer to 13332.5, 98.0, 6695.5]
[00:59:38] [Server thread/WARN]: Entity ze['007Sameer'/5757, l='ServerLevel[world]', x=13332.50, y=98.00, z=6695.50] left loaded chunk area
[01:02:21] [Server thread/WARN]: Ignoring unknown attribute 'forge:entity_gravity'
[01:02:21] [Server thread/WARN]: Ignoring unknown attribute 'forge:entity_gravity'
[01:02:21] [Server thread/WARN]: Ignoring unknown attribute 'forge:entity_gravity'
[01:02:21] [Server thread/WARN]: Ignoring unknown attribute 'forge:entity_gravity'
[01:02:26] [Server thread/INFO]: <mesum> feeling sleepy so going.bye.allah hafiz
[01:02:38] [Server thread/INFO]: <007Sameer> Allah Hafiz
[01:02:46] [Server thread/INFO]: <mesum> see u tommorow
[01:02:57] [Server thread/INFO]: mesum lost connection: Disconnected
[01:02:57] [Server thread/INFO]: mesum left the game
[01:11:39] [Server thread/WARN]: Mismatch in destroy block pos: fu{x=13659, y=62, z=6950} fu{x=13659, y=60, z=6950}
[01:15:40] [Server thread/INFO]: osamausf[/119.158.64.73:50151] logged in with entity id 18035 at (280.69999998807907, 11.5, -6.530814925983772)
[01:15:40] [Server thread/INFO]: osamausf joined the game
[01:15:50] [Server thread/INFO]: <007Sameer> halo
[01:15:55] [Server thread/INFO]: <osamausf> halo frand
[01:18:14] [Server thread/INFO]: 007Sameer lost connection: Disconnected
[01:18:14] [Server thread/INFO]: 007Sameer left the game
[01:18:16] [Server thread/INFO]: 007Sameer[/202.47.50.2:56532] logged in with entity id 18681 at (13812.916411829367, 62.126073979048826, 7035.493836228565)
[01:18:16] [Server thread/INFO]: 007Sameer joined the game
[01:18:23] [Server thread/INFO]: osamausf lost connection: Disconnected
[01:18:23] [Server thread/INFO]: osamausf left the game
[01:18:23] [Server thread/INFO]: osamausf[/175.107.222.108:15797] logged in with entity id 18908 at (280.69999998807907, 11.5, -6.205963708239587)
[01:18:23] [Server thread/INFO]: osamausf joined the game
[01:20:54] [Server thread/INFO]: <osamausf> is tjhere only 1 stronghold in a world?
[01:21:01] [Server thread/INFO]: <007Sameer> nop
[01:21:07] [Server thread/INFO]: <osamausf> nice
[01:21:37] [Server thread/INFO]: <osamausf> eye takes u to the nearest i assume
[01:21:42] [Server thread/INFO]: <007Sameer> yeap
[01:21:51] [Server thread/INFO]: <007Sameer> if you try at the old base you will find a new one
[01:22:01] [Server thread/INFO]: <osamausf> damn
[01:22:59] [Server thread/INFO]: <007Sameer> this village has armor on stand just displayed at the center, cute
[01:23:09] [Server thread/INFO]: <osamausf> xd what are they doing
[01:23:17] [Server thread/INFO]: <007Sameer> nothing
[01:23:23] [Server thread/INFO]: <osamausf> rhetorical
[01:23:30] [Server thread/INFO]: <007Sameer> XD
[01:23:41] [Server thread/INFO]: <osamausf> meko trident chye
[01:23:53] [Server thread/INFO]: <007Sameer> been at it today and for 4 hours the last time I was here
[01:23:56] [Server thread/INFO]: <007Sameer> salay ni dety
[01:23:58] [Server thread/INFO]: <osamausf> XD
[01:24:08] [Server thread/INFO]: Villager bdp['Villager'/20941, l='ServerLevel[world]', x=13844.70, y=80.00, z=7489.70] died, message: 'Villager was slain by Zombie'
[01:24:39] [Server thread/INFO]: Villager bdp['Cleric'/20953, l='ServerLevel[world]', x=13935.30, y=63.00, z=7488.53] died, message: 'Cleric was slain by Zombie'
[01:25:52] [Server thread/INFO]: 007Sameer lost connection: Disconnected
[01:25:52] [Server thread/INFO]: 007Sameer left the game
[01:25:54] [Server thread/INFO]: 007Sameer[/202.47.50.2:56729] logged in with entity id 22481 at (13932.757895186174, 63.0, 7494.643902735928)
[01:25:54] [Server thread/INFO]: 007Sameer joined the game
[01:26:03] [Server thread/INFO]: <007Sameer> invisible forces kept hitting mww
[01:29:16] [Server thread/INFO]: <007Sameer> you got any nautilus shells? I have 3
[01:29:20] [Server thread/INFO]: <osamausf> 1
[01:29:54] [Server thread/INFO]: <007Sameer> even nautilus shell walay drowned are rare here xD
[01:30:05] [Server thread/INFO]: <osamausf> a normal dropped this
[01:30:09] [Server thread/INFO]: <007Sameer> oooo
[01:30:23] [Server thread/INFO]: <osamausf> looting i guess
[01:30:25] [Server thread/INFO]: Villager bdp['Villager'/23634, l='ServerLevel[world]', x=13935.30, y=63.00, z=7486.30] died, message: 'Villager was slain by Zombie'
[01:32:09] [Server thread/INFO]: osamausf lost connection: Timed out
[01:32:09] [Server thread/INFO]: osamausf left the game
[01:32:53] [Server thread/INFO]: AzanYousuf[/175.107.222.108:18500] logged in with entity id 24617 at (-443.1613010197652, 69.0, -37.44839626469415)
[01:32:53] [Server thread/INFO]: AzanYousuf joined the game
[01:33:07] [Server thread/INFO]: osamausf[/119.160.116.230:47079] logged in with entity id 24920 at (274.64865980171646, 12.0, -2.9029333752718474)
[01:33:07] [Server thread/INFO]: osamausf joined the game
[01:33:13] [Server thread/INFO]: AzanYousuf lost connection: Timed out
[01:33:13] [Server thread/INFO]: AzanYousuf left the game
[01:33:15] [Server thread/INFO]: <osamausf> sup
[01:33:16] [Server thread/INFO]: AzanYousuf[/175.107.222.108:18525] logged in with entity id 25124 at (-443.1613010197652, 69.0, -37.44839626469415)
[01:33:16] [Server thread/INFO]: AzanYousuf joined the game
[01:33:18] [Server thread/INFO]: <osamausf> sup again
[01:33:28] [Server thread/INFO]: <osamausf> phoneon chrge
[01:33:32] [Server thread/INFO]: <AzanYousuf> join discord vc
[01:33:38] [Server thread/INFO]: <osamausf> ok
[01:35:02] [Server thread/INFO]: <AzanYousuf> i got 62 diamonds mining last time
[01:35:32] [Server thread/INFO]: <007Sameer> ooo
[01:35:56] [Server thread/INFO]: <007Sameer> yas
[01:37:22] [Server thread/INFO]: <007Sameer> nope
[01:37:24] [Server thread/INFO]: Scanning for legacy world dragon fight...
[01:37:24] [Server thread/INFO]: Found that the dragon has been killed in this world already.
[01:38:00] [Server thread/WARN]: Fetching packet for removed entity bbg['Air'/28513, l='ServerLevel[world]', x=-516.20, y=83.00, z=46.49]
[01:38:30] [Server thread/INFO]: osamausf lost connection: You logged in from another location
[01:38:30] [Server thread/INFO]: osamausf left the game
[01:38:30] [Server thread/INFO]: osamausf[/119.158.64.73:50255] logged in with entity id 28792 at (59.471308424517055, 58.0, -0.8124446241522332)
[01:38:30] [Server thread/INFO]: osamausf joined the game
[01:39:48] [Server thread/WARN]: AzanYousuf moved too quickly! 2149.0818153128484,26.945106652967926,-564.0086411898411
[01:40:43] [Server thread/INFO]: osamausf lost connection: Disconnected
[01:40:43] [Server thread/INFO]: osamausf left the game
[01:41:17] [Server thread/INFO]: <007Sameer> yes
[01:41:26] [Server thread/INFO]: osamausf[/175.107.222.108:19005] logged in with entity id 30608 at (-87.30000001192094, 74.0, 28.47244032573426)
[01:41:26] [Server thread/INFO]: osamausf joined the game
[01:42:14] [Server thread/INFO]: <osamausf> too much lag :3
[01:42:18] [Server thread/INFO]: <AzanYousuf> whatsapp
[01:42:19] [Server thread/INFO]: <AzanYousuf> ?
[01:42:24] [Server thread/INFO]: <AzanYousuf> gimme pearls
[01:43:14] [Server thread/INFO]: <osamausf> get some building blocsk
[01:43:21] [Server thread/INFO]: <AzanYousuf> have em
[01:44:47] [Server thread/WARN]: osamausf was kicked for floating too long!
[01:44:47] [Server thread/INFO]: osamausf lost connection: Flying is not enabled on this server
[01:44:47] [Server thread/INFO]: osamausf left the game
[01:44:55] [Server thread/INFO]: osamausf[/175.107.222.108:19536] logged in with entity id 32747 at (-1147.3864722092967, 63.166109260938214, 553.3523719730649)
[01:44:55] [Server thread/INFO]: osamausf joined the game
[01:45:05] [Server thread/WARN]: osamausf moved too quickly! -0.8207006381792326,-2.0,9.810698610316877
[01:45:58] [Server thread/INFO]: <AzanYousuf> dafuq
[01:46:01] [Server thread/INFO]: <osamausf> lmao
[01:46:17] [Server thread/INFO]: <007Sameer> kia hua xD
[01:46:29] [Server thread/INFO]: 007Sameer lost connection: Disconnected
[01:46:29] [Server thread/INFO]: 007Sameer left the game
[01:46:31] [Server thread/INFO]: 007Sameer[/202.47.50.2:57090] logged in with entity id 33536 at (13581.036320597012, 56.57685318309256, 7068.945524511266)
[01:46:31] [Server thread/INFO]: 007Sameer joined the game
[01:46:38] [Server thread/INFO]: <AzanYousuf> khare khare pearl kra 2 blocks age aur damage hgya xd
[01:46:49] [Server thread/INFO]: <007Sameer> ah pearl use ka side effect
[01:47:07] [Server thread/INFO]: <AzanYousuf> nether brick aur uski khubsurat awaz <3
[01:47:15] [Server thread/INFO]: <007Sameer> wait, end mai kion
[01:47:16] [Server thread/WARN]: osamausf moved too quickly! -0.02175384882889375,0.0,10.038547822329065
[01:47:22] [Server thread/INFO]: <AzanYousuf> elytra
[01:47:25] [Server thread/INFO]: osamausf lost connection: Timed out
[01:47:25] [Server thread/INFO]: osamausf left the game
[01:47:32] [Server thread/INFO]: <AzanYousuf> phr jaenge woodland mansion
[01:47:40] [Server thread/INFO]: <007Sameer> I meant why nether brick in the end xD
[01:47:47] [Server thread/INFO]: <AzanYousuf> building blocks xd
[01:47:54] [Server thread/INFO]: <007Sameer> xD
[01:48:06] [Server thread/INFO]: <AzanYousuf> ameer log hn hum phle smelt kra phr build krrhe usse xd
[01:48:11] [Server thread/INFO]: <007Sameer> xDd
[01:52:02] [Server thread/INFO]: osamausf[/111.88.223.99:50352] logged in with entity id 36721 at (-1102.4592665036523, 57.0, 724.0095124508673)
[01:52:02] [Server thread/INFO]: osamausf joined the game
[01:52:08] [Server thread/INFO]: osamausf fell out of the world
[01:52:15] [Server thread/INFO]: <osamausf> abay wtf
[01:52:19] [Server thread/INFO]: <osamausf> did u do -___-
[01:52:20] [Server thread/INFO]: <AzanYousuf> pro
[01:52:28] [Server thread/INFO]: <AzanYousuf> abe build kra he bhai aake dekh
[01:52:29] [Server thread/INFO]: Kazmi[/39.34.144.96:30983] logged in with entity id 37184 at (-488.0766302157219, 79.0, 23.566459511670388)
[01:52:29] [Server thread/INFO]: Kazmi joined the game
[01:52:35] [Server thread/INFO]: <osamausf> bht bura lag hrha hy
[01:52:40] [Server thread/INFO]: <AzanYousuf> itna tameez ka bridge he yrrrr
[01:52:50] [Server thread/INFO]: <osamausf> i was on top but block he ni thaaa :3
[01:52:53] [Server thread/WARN]: osamausf moved too quickly! 10.149892334761489,-1.4215999984741217,0.08792901824192523
[01:52:55] [Server thread/INFO]: <AzanYousuf> acha bring some blocks
[01:53:06] [Server thread/INFO]: <osamausf> dhundlo elytra XD phr ni arha
[01:53:12] [Server thread/INFO]: <AzanYousuf> ://////////////////////////////
[01:53:21] [Server thread/INFO]: <Kazmi> sami nh khel rha???
[01:53:25] [Server thread/INFO]: <osamausf> he slept
[01:53:30] [Server thread/INFO]: <Kazmi> :(
[01:53:30] [Server thread/INFO]: <AzanYousuf> block laa mere legya mere or waps b ni arha xd
[01:53:34] [Server thread/INFO]: <osamausf> also hello
[01:53:41] [Server thread/INFO]: <Kazmi> helllooo dost
[01:53:43] [Server thread/INFO]: <osamausf> xD end stone he na
[01:53:46] [Server thread/INFO]: <Kazmi> call pe ao na
[01:53:50] [Server thread/INFO]: <007Sameer> if you guys are trying to walk around the old city portal to find an elytra, thora mushkil hojayega xD
[01:53:52] [Server thread/INFO]: <AzanYousuf> hi
[01:54:00] [Server thread/INFO]: <osamausf> yehi khrha hun milega ni sb chana hua hy
[01:54:09] [Server thread/INFO]: <AzanYousuf> u owe me one then mushkil paida kyu kri xd
[01:54:18] [Server thread/INFO]: <007Sameer> tum pehley kion ni gye
[01:54:25] [Server thread/INFO]: <osamausf> 007 will happily find one for u
[01:54:36] [Server thread/INFO]: <007Sameer> gone are those days xD
[01:54:41] [Server thread/INFO]: <007Sameer> I have had my fill of looting end cities
[01:54:47] [Server thread/INFO]: <AzanYousuf> ajeeb woodland jana he hoke ni derha...
[01:54:54] [Server thread/INFO]: <osamausf> XD
[01:55:05] [Server thread/INFO]: <007Sameer> what if I tell you wo fazool hy
[01:55:12] [Server thread/INFO]: <osamausf> dkhchuke?XD
[01:55:17] [Server thread/INFO]: <007Sameer> ni xD
[01:55:18] [Server thread/INFO]: <osamausf> ya wese
[01:55:22] [Server thread/INFO]: <AzanYousuf> idc me bs chala jaunga to dil ko sukun hajega
[01:55:29] [Server thread/INFO]: <007Sameer> baat tou shi hy
[01:55:36] [Server thread/INFO]: <007Sameer> kb jana hy
[01:55:42] [Server thread/INFO]: <AzanYousuf> elytra ajye tb
[01:55:47] [Server thread/INFO]: <AzanYousuf> kyuke paidal paun tut jaenge
[01:56:09] [Server thread/INFO]: <007Sameer> nhi @kazmi
[01:58:40] [Server thread/INFO]: <007Sameer> Osama ki tou bilkul ni arhi awaaz
[01:59:15] [Server thread/INFO]: osamausf lost connection: Disconnected
[01:59:15] [Server thread/INFO]: osamausf left the game
[01:59:40] [Server thread/INFO]: osamausf[/119.160.116.104:60123] logged in with entity id 42976 at (-497.21462269976695, 75.0, 3.4108098227254726)
[01:59:40] [Server thread/INFO]: osamausf joined the game
[01:59:55] [Server thread/INFO]: <osamausf> windows update hrhi hy, prolly thats why
[02:00:01] [Server thread/INFO]: <osamausf> khairr
[02:00:03] [Server thread/INFO]: <AzanYousuf> hmm
[02:00:11] [Server thread/INFO]: <007Sameer> mac pr? xD
[02:00:17] [Server thread/INFO]: <osamausf> nai tesre laptop pe
[02:00:22] [Server thread/INFO]: <007Sameer> MA
[02:01:40] [Server thread/WARN]: 007Sameer moved too quickly! -4.878707730804308,2.927937958679223,8.367215279634365
[02:01:40] [Server thread/WARN]: osamausf moved too quickly! -9.255322602132196,0.49520087700592796,4.019927004291098
[02:02:01] [Server thread/INFO]: <osamausf> not talking to u xD
[02:02:10] [Server thread/INFO]: <osamausf> means it
[02:02:13] [Server thread/INFO]: <osamausf> is explored
[02:02:28] [Server thread/INFO]: <osamausf> then pearl use hua hoga
[02:02:32] [Server thread/INFO]: <osamausf> build a tower throw a pearl
[02:02:37] [Server thread/INFO]: <osamausf> bridge not necessary
[02:02:51] [Server thread/INFO]: <osamausf> kil; endermen for pearls
[02:03:48] [Server thread/INFO]: <osamausf> mjhe ksi ki awaz ni arhi wyse
[02:03:50] [Server thread/INFO]: <osamausf> sb katrha he
[02:03:59] [Server thread/INFO]: <osamausf> nai
[02:04:10] [Server thread/INFO]: <osamausf> yes
[02:04:13] [Server thread/INFO]: <osamausf> v funny
[02:05:10] [Server thread/INFO]: osamausf lost connection: Disconnected
[02:05:10] [Server thread/INFO]: osamausf left the game
[02:05:47] [Server thread/INFO]: AzanYousuf fell out of the world
[02:05:48] [Server thread/FATAL]: Error executing task on Server
java.lang.NullPointerException: null
	at yv.b(SourceFile:202) ~[server.jar:?]
	at yp.a(SourceFile:939) ~[server.jar:?]
	at zb.a(SourceFile:467) ~[server.jar:?]
	at zv.a(SourceFile:867) ~[server.jar:?]
	at rs.a(SourceFile:122) ~[server.jar:?]
	at rs$a.a(SourceFile:56) ~[server.jar:?]
	at nk.a(SourceFile:21) ~[server.jar:?]
	at uy.run(SourceFile:18) ~[server.jar:?]
	at amn.c(SourceFile:144) ~[server.jar:?]
	at amr.c(SourceFile:23) ~[server.jar:?]
	at net.minecraft.server.MinecraftServer.b(SourceFile:763) ~[server.jar:?]
	at net.minecraft.server.MinecraftServer.c(SourceFile:154) ~[server.jar:?]
	at amn.x(SourceFile:118) ~[server.jar:?]
	at net.minecraft.server.MinecraftServer.aZ(SourceFile:745) ~[server.jar:?]
	at net.minecraft.server.MinecraftServer.x(SourceFile:739) ~[server.jar:?]
	at amn.bj(SourceFile:103) ~[server.jar:?]
	at net.minecraft.server.MinecraftServer.w(SourceFile:723) ~[server.jar:?]
	at net.minecraft.server.MinecraftServer.v(SourceFile:676) ~[server.jar:?]
	at net.minecraft.server.MinecraftServer.a(SourceFile:256) ~[server.jar:?]
	at java.lang.Thread.run(Unknown Source) [?:1.8.0_144]
[02:05:52] [Server thread/WARN]: 007Sameer moved too quickly! 14.123113232377364,4.3285531221826545,-10.305744485085597
[02:07:07] [Server thread/INFO]: [@: Teleported 007Sameer to -423.5, 65.5, 11.5]
[02:07:50] [Server thread/INFO]: <007Sameer> why do things still spawn at our base
[02:08:03] [Server thread/INFO]: <AzanYousuf> for lulz
[02:08:44] [Server thread/INFO]: <AzanYousuf> sweeping edge 3 smite 4
[02:08:47] [Server thread/INFO]: <AzanYousuf> unreaking 3
[02:08:50] [Server thread/INFO]: <AzanYousuf> sword
[02:08:55] [Server thread/INFO]: osamausf[/175.107.222.108:14110] logged in with entity id 49243 at (-520.2149963970386, 74.0, 5.019180117560436)
[02:08:55] [Server thread/INFO]: osamausf joined the game
[02:09:06] [Server thread/INFO]: <007Sameer> nice
[02:09:08] [Server thread/INFO]: <osamausf> whatsapp dkhoo
[02:09:09] [Server thread/INFO]: <AzanYousuf> chaye
[02:09:12] [Server thread/INFO]: <AzanYousuf> han dekhlia
[02:09:14] [Server thread/INFO]: <AzanYousuf> krrha hn
[02:09:14] [Server thread/INFO]: osamausf lost connection: Timed out
[02:09:14] [Server thread/INFO]: osamausf left the game
[02:09:16] [Server thread/INFO]: <007Sameer> nah thanks
[02:09:39] [Server thread/INFO]: AzanYousuf lost connection: Disconnected
[02:09:39] [Server thread/INFO]: AzanYousuf left the game
[02:11:39] [Server thread/INFO]: AzanYousuf[/175.107.222.108:14189] logged in with entity id 49610 at (-411.0868436449567, 64.09375, -4.659860416573811)
[02:11:39] [Server thread/INFO]: AzanYousuf joined the game
[02:11:59] [Server thread/INFO]: <AzanYousuf> time to jump on ferite
[02:12:01] [Server thread/INFO]: <AzanYousuf> fertile
[02:12:01] [Server thread/INFO]: <AzanYousuf> xd
[02:12:05] [Server thread/INFO]: osamausf[/175.107.222.108:14235] logged in with entity id 49702 at (-518.3523012282224, 73.0, 4.378370870045543)
[02:12:05] [Server thread/INFO]: osamausf joined the game
[02:12:17] [Server thread/INFO]: <007Sameer> fertile?????
[02:12:50] [Server thread/INFO]: osamausf lost connection: Timed out
[02:12:50] [Server thread/INFO]: osamausf left the game
[02:12:56] [Server thread/INFO]: <AzanYousuf> fertile kese smjhaun xd
[02:13:00] [Server thread/INFO]: <AzanYousuf> crops
[02:13:20] [Server thread/INFO]: <007Sameer> abey
[02:13:34] [Server thread/INFO]: osamausf[/175.107.222.108:14308] logged in with entity id 49919 at (-513.2712217029385, 75.24918707874468, 4.239972469597977)
[02:13:34] [Server thread/INFO]: osamausf joined the game
[02:14:01] [Server thread/INFO]: <AzanYousuf> 007 i found smthng of urs
[02:14:03] [Server thread/INFO]: <AzanYousuf> in old world
[02:14:13] [Server thread/INFO]: <007Sameer> ah
[02:14:16] [Server thread/INFO]: osamausf lost connection: Timed out
[02:14:16] [Server thread/INFO]: osamausf left the game
[02:14:21] [Server thread/INFO]: <007Sameer> I was looking for it in my chest
[02:14:27] [Server thread/INFO]: <AzanYousuf> mje abi dkhi
[02:14:30] [Server thread/INFO]: <AzanYousuf> sry
[02:15:33] [Server thread/INFO]: <AzanYousuf> when are we starting a new world
[02:15:54] [Server thread/INFO]: <007Sameer> who knows
[02:15:59] [Server thread/INFO]: 007Sameer has completed the challenge [Serious Dedication]
[02:16:09] [Server thread/INFO]: <AzanYousuf> hain
[02:16:59] [Server thread/INFO]: osamausf[/111.88.223.99:50613] logged in with entity id 50449 at (-513.2712217029385, 75.0, 4.239972469597977)
[02:16:59] [Server thread/INFO]: osamausf joined the game
[02:17:38] [Server thread/INFO]: osamausf lost connection: Disconnected
[02:17:38] [Server thread/INFO]: osamausf left the game
[02:18:06] [Server thread/INFO]: <AzanYousuf> smite 4 unbreaking 3 this time
[02:18:22] [Server thread/INFO]: <AzanYousuf> itni swords hen aur gold se lvl 97 hochuka he to bs yehi kam h mera enchant xd
[02:18:38] [Server thread/INFO]: <007Sameer> jakr elytra dhoondox D
[02:18:48] [Server thread/INFO]: <AzanYousuf> sab lutehue u told me
[02:18:52] [Server thread/INFO]: <AzanYousuf> and i lost the motivation xd
[02:18:56] [Server thread/INFO]: <007Sameer> infinite hy xD
[02:18:57] [Server thread/INFO]: <AzanYousuf> akele faida ni boring hjata he
[02:20:44] [Server thread/INFO]: <AzanYousuf> is glistened melon ka kia krun sar pe marlun apne
[02:20:50] [Server thread/INFO]: <AzanYousuf> na khata he na lgata he ajeeb
[02:20:57] [Server thread/INFO]: osamausf[/175.107.222.108:15207] logged in with entity id 51050 at (-513.2712217029385, 75.0, 4.239972469597977)
[02:20:57] [Server thread/INFO]: osamausf joined the game
[02:21:00] [Server thread/INFO]: <007Sameer> instant health potions
[02:21:19] [Server thread/INFO]: osamausf lost connection: Timed out
[02:21:19] [Server thread/INFO]: osamausf left the game
[02:22:21] [Server thread/INFO]: osamausf[/175.107.222.108:15379] logged in with entity id 51256 at (-513.5187101223188, 74.92159999847412, 4.208290765596575)
[02:22:21] [Server thread/INFO]: osamausf joined the game
[02:22:52] [Server thread/INFO]: osamausf lost connection: Timed out
[02:22:52] [Server thread/INFO]: osamausf left the game
[02:25:07] [Server thread/INFO]: <007Sameer> boo
[02:25:51] [Server thread/INFO]: osamausf[/111.88.223.99:50723] logged in with entity id 51782 at (-513.5187101223188, 74.92159999847412, 4.208290765596575)
[02:25:51] [Server thread/INFO]: osamausf joined the game
[02:26:22] [Server thread/INFO]: osamausf lost connection: Timed out
[02:26:22] [Server thread/INFO]: osamausf left the game
[02:27:15] [Server thread/INFO]: Villager bdp['Armorer'/1, l='ServerLevel[world]', x=-475.65, y=64.59, z=22.93] died, message: 'Armorer was slain by Zombie'
[02:27:44] [Server thread/INFO]: [@: Teleported 007Sameer to 13332.5, 98.0, 6695.5]
[02:27:44] [Server thread/WARN]: Entity ze['007Sameer'/33536, l='ServerLevel[world]', x=13332.50, y=98.00, z=6695.50] left loaded chunk area
[02:28:29] [Server thread/INFO]: <AzanYousuf> grey dye kaha se ayga
[02:34:25] [Server thread/INFO]: [@: Teleported AzanYousuf to 13332.5, 98.0, 6695.5]
[02:34:25] [Server thread/WARN]: Entity ze['AzanYousuf'/49610, l='ServerLevel[world]', x=13332.50, y=98.00, z=6695.50] left loaded chunk area
[02:34:30] [Server thread/INFO]: osamausf[/119.158.64.73:50842] logged in with entity id 56298 at (-513.5187101223188, 74.92159999847412, 4.208290765596575)
[02:34:30] [Server thread/INFO]: osamausf joined the game
[02:34:39] [Server thread/INFO]: <osamausf> finally..
[02:34:41] [Server thread/INFO]: <osamausf> hopefully
[02:35:30] [Server thread/WARN]: osamausf moved too quickly! -10.303030151577275,0.0,0.28301690890688036
[02:35:56] [Server thread/WARN]: osamausf moved too quickly! -0.15340411552648447,1.2539862017387549,-10.076436318243585
[02:36:01] [Server thread/INFO]: <osamausf> kdhr ho sb
[02:36:07] [Server thread/INFO]: <Kazmi> ghar me :)
[02:36:09] [Server thread/INFO]: <007Sameer> trying to hunt drowned
[02:36:21] [Server thread/INFO]: <AzanYousuf> imma stay quiet
[02:36:24] [Server thread/INFO]: <osamausf> azan, gye?
[02:36:26] [Server thread/INFO]: [@: Teleported AzanYousuf to -423.5, 65.5, 11.5]
[02:36:35] [Server thread/INFO]: <AzanYousuf> agay waps ni mila
[02:36:39] [Server thread/INFO]: <osamausf> sad
[02:36:57] [Server thread/INFO]: <osamausf> gold sword lol
[02:39:22] [Server thread/INFO]: <osamausf> :)
[02:40:49] [Server thread/WARN]: osamausf moved too quickly! 4.2716322108104805,-9.042615260559288,2.094817713082996
[02:41:14] [Server thread/INFO]: osamausf lost connection: Timed out
[02:41:14] [Server thread/INFO]: osamausf left the game
[02:41:24] [Server thread/INFO]: osamausf[/119.158.64.73:50876] logged in with entity id 58931 at (-460.528571172629, 69.21091316642327, -8.300000011920929)
[02:41:24] [Server thread/INFO]: osamausf joined the game
[02:41:41] [Server thread/INFO]: osamausf lost connection: Disconnected
[02:41:41] [Server thread/INFO]: osamausf left the game
[02:42:07] [Server thread/INFO]: osamausf[/119.158.64.73:50878] logged in with entity id 59364 at (-460.528571172629, 69.21091316642327, -8.300000011920929)
[02:42:07] [Server thread/INFO]: osamausf joined the game
[02:42:21] [Server thread/WARN]: osamausf moved too quickly! 10.1011853942897,-1.8015347236627832,1.620714130192539
[02:44:06] [Server thread/INFO]: 007Sameer lost connection: Disconnected
[02:44:06] [Server thread/INFO]: 007Sameer left the game
[02:44:06] [Server thread/INFO]: osamausf lost connection: Timed out
[02:44:06] [Server thread/INFO]: osamausf left the game
[02:44:08] [Server thread/INFO]: 007Sameer[/202.47.50.2:51130] logged in with entity id 60386 at (12639.082843972663, 46.2794572405327, 7644.404468105688)
[02:44:08] [Server thread/INFO]: 007Sameer joined the game
[02:45:13] [Server thread/INFO]: osamausf[/119.158.64.73:50886] logged in with entity id 60797 at (-397.2053410606594, 64.0, -18.792075412200266)
[02:45:13] [Server thread/INFO]: osamausf joined the game
[02:45:38] [Server thread/INFO]: osamausf lost connection: Timed out
[02:45:38] [Server thread/INFO]: osamausf left the game
[02:45:45] [Server thread/INFO]: AzanYousuf was slain by Zombified Piglin
[02:46:26] [Server thread/INFO]: <AzanYousuf> nether me beacon bnae
[02:46:34] [Server thread/INFO]: osamausf[/119.158.64.73:50891] logged in with entity id 61406 at (-397.2053410606594, 64.0, -18.792075412200266)
[02:46:34] [Server thread/INFO]: osamausf joined the game
[02:47:15] [Server thread/INFO]: osamausf lost connection: Disconnected
[02:47:15] [Server thread/INFO]: osamausf left the game
[02:47:26] [Server thread/INFO]: <007Sameer> you'd have to mine up the bedrock using the glitch to make that work
[02:47:43] [Server thread/INFO]: <AzanYousuf> wellwe can do it nevertheless
[02:47:47] [Server thread/INFO]: <AzanYousuf> wanna do it
[02:47:54] [Server thread/INFO]: osamausf[/119.158.64.73:50894] logged in with entity id 62237 at (-397.2053410606594, 64.0, -18.792075412200266)
[02:47:54] [Server thread/INFO]: osamausf joined the game
[02:47:56] [Server thread/INFO]: <007Sameer> after I get the trident, sure xD
[02:48:02] [Server thread/INFO]: <AzanYousuf> okko
[02:48:17] [Server thread/INFO]: osamausf lost connection: Disconnected
[02:48:17] [Server thread/INFO]: osamausf left the game
[02:49:58] [Server thread/WARN]: Can't keep up! Is the server overloaded? Running 4326ms or 86 ticks behind
[02:49:58] [Server thread/WARN]: AzanYousuf moved too quickly! -8.06877213564752,2.252203340253729,-5.744581126857099
[02:52:33] [Server thread/INFO]: AzanYousuf was slain by Zombified Piglin
[02:54:20] [Server thread/INFO]: AzanYousuf was slain by Zombified Piglin
[02:55:38] [Server thread/INFO]: <007Sameer> too sleepy to be swimming, almost drowned multiple times
[02:56:17] [Server thread/INFO]: Kazmi lost connection: Disconnected
[02:56:17] [Server thread/INFO]: Kazmi left the game
[02:56:59] [Server thread/INFO]: osamausf[/119.158.64.73:51054] logged in with entity id 67744 at (-397.2053410606594, 64.0, -18.792075412200266)
[02:56:59] [Server thread/INFO]: osamausf joined the game
[02:58:14] [Server thread/INFO]: [@: Teleported 007Sameer to -423.5, 65.5, 11.5]
[02:58:30] [Server thread/WARN]: 007Sameer moved too quickly! -8.671729593307816,0.0,-5.520012553954249
[02:58:30] [Server thread/WARN]: Can't keep up! Is the server overloaded? Running 7346ms or 146 ticks behind
[02:58:50] [Server thread/INFO]: AzanYousuf was slain by Zombified Piglin
[03:01:59] [Server thread/INFO]: <007Sameer> going to sleep, Allah Hafi
[03:02:01] [Server thread/INFO]: <AzanYousuf> tc
[03:02:02] [Server thread/INFO]: <007Sameer> Hafiz*
[03:02:05] [Server thread/INFO]: 007Sameer lost connection: Disconnected
[03:02:05] [Server thread/INFO]: 007Sameer left the game
[03:02:21] [Server thread/WARN]: AzanYousuf was kicked for floating too long!
[03:02:21] [Server thread/INFO]: AzanYousuf lost connection: Flying is not enabled on this server
[03:02:21] [Server thread/INFO]: AzanYousuf left the game
[03:02:22] [Server thread/INFO]: osamausf lost connection: Disconnected
[03:02:22] [Server thread/INFO]: osamausf left the game
[03:02:50] [Server thread/INFO]: AzanYousuf[/175.107.222.108:19474] logged in with entity id 70212 at (-248.63254850117013, 55.00133597911215, 165.3598832354995)
[03:02:50] [Server thread/INFO]: AzanYousuf joined the game
[03:05:45] [Server thread/INFO]: AzanYousuf was slain by Zombified Piglin
[03:05:46] [Server thread/WARN]: Fetching packet for removed entity bbg['Rotten Flesh'/70785, l='ServerLevel[world]', x=-251.15, y=53.00, z=158.20]
[03:08:37] [Server thread/INFO]: AzanYousuf was slain by Zombified Piglin
[03:11:35] [Server thread/INFO]: AzanYousuf burned to death
[03:13:58] [Server thread/INFO]: AzanYousuf was slain by Zombified Piglin
[03:16:18] [Server thread/INFO]: AzanYousuf fell from a high place
[03:21:41] [Server thread/WARN]: AzanYousuf moved wrongly!
[03:25:17] [Server thread/INFO]: Villager bdp['Villager'/141, l='ServerLevel[world]', x=-444.50, y=68.56, z=25.31] died, message: 'Villager was slain by AzanYousuf'
[03:30:01] [Server thread/INFO]: AzanYousuf lost connection: Disconnected
[03:30:01] [Server thread/INFO]: AzanYousuf left the game
[10:52:19] [Server thread/INFO]: Inversia[/111.88.39.151:54868] logged in with entity id 76141 at (-441.0981905312414, 64.5, 6.773002762344159)
[10:52:19] [Server thread/INFO]: Inversia joined the game
[10:52:25] [Server thread/WARN]: Can't keep up! Is the server overloaded? Running 2039ms or 40 ticks behind
[10:52:29] [Server thread/INFO]: [Inversia: Set the weather to clear]
[10:53:31] [Server thread/WARN]: Inversia moved too quickly! -12.290030367240433,-1.7270804580895458,12.469229504572922
[10:54:24] [Server thread/INFO]: [Inversia: Gave 1 [Trident] to Inversia]
[10:57:32] [Server thread/INFO]: [Inversia: Set the weather to clear]
[10:59:17] [Server thread/INFO]: Inversia has made the advancement [A Throwaway Joke]
[11:00:00] [Server thread/INFO]: [Inversia: Teleported Inversia to -1999.5, 90.0, 520.5]
[11:01:17] [Server thread/INFO]: [Inversia: Gave 24 [Lapis Lazuli Block] to Inversia]
[11:01:21] [Server thread/WARN]: Inversia moved too quickly! 2148.8346982191124,27.23363200604248,-564.4887181571105
[11:01:21] [Server thread/WARN]: Inversia moved too quickly! 2148.8346982191124,27.23363200604248,-564.4887181571105
[11:01:21] [Server thread/WARN]: Inversia moved too quickly! 2148.8346982191124,27.23363200604248,-564.4887181571105
[11:01:21] [Server thread/WARN]: Inversia moved too quickly! 2148.8346982191124,27.23363200604248,-564.4887181571105
[11:01:21] [Server thread/WARN]: Inversia moved too quickly! 2148.8346982191124,27.23363200604248,-564.4887181571105
[11:07:42] [Server thread/INFO]: [Inversia: Set own game mode to Creative Mode]
[11:07:55] [Server thread/INFO]: [Inversia: Set own game mode to Survival Mode]
[11:09:19] [Server thread/INFO]: [@: Set the weather to clear]
[11:10:45] [Server thread/INFO]: [@: Teleported Inversia to -423.5, 65.5, 11.5]
[11:11:41] [Server thread/INFO]: Inversia lost connection: Disconnected
[11:11:41] [Server thread/INFO]: Inversia left the game
[11:12:13] [Server thread/INFO]: Inversia[/111.88.39.151:54939] logged in with entity id 86276 at (-992.0998896445693, 111.25565437120125, 952.2012107332613)
[11:12:13] [Server thread/INFO]: Inversia joined the game
[11:12:39] [Server thread/INFO]: [Inversia: Set the weather to rain & thunder]
[11:13:32] [Server thread/INFO]: Inversia was slain by Zombie
[11:13:35] [Server thread/WARN]: Inversia moved too quickly! 14466.487339320116,24.000000200000002,5464.699516145857
[11:13:50] [Server thread/INFO]: [@: Teleported Inversia to -423.5, 65.5, 11.5]
[11:13:53] [Server thread/INFO]: [Inversia: Set the weather to clear]
[11:14:58] [Server thread/INFO]: [Inversia: Set the weather to rain & thunder]
[11:15:13] [Server thread/INFO]: Villager bdp['Villager'/89097, l='ServerLevel[world]', x=-1039.46, y=64.36, z=1245.96] was struck by lightning aox['Lightning Bolt'/89462, l='ServerLevel[world]', x=-1039.50, y=64.00, z=1246.50].
[11:15:13] [Server thread/INFO]: Inversia has made the advancement [Very Very Frightening]
[11:15:24] [Server thread/INFO]: [Inversia: Set the weather to clear]
[11:20:28] [Server thread/INFO]: [Inversia: Set the weather to clear]
[11:22:05] [Server thread/INFO]: Inversia lost connection: Disconnected
[11:22:05] [Server thread/INFO]: Inversia left the game
[11:22:50] [Server thread/INFO]: Inversia[/111.88.39.151:54998] logged in with entity id 91946 at (-482.02636022345024, 75.0, 28.45091066984685)
[11:22:50] [Server thread/INFO]: Inversia joined the game
[11:24:48] [Server thread/INFO]: Inversia has made the advancement [Not Today, Thank You]
[11:26:36] [Server thread/INFO]: Inversia lost connection: Disconnected
[11:26:36] [Server thread/INFO]: Inversia left the game
[11:29:49] [Server thread/INFO]: Inversia[/111.88.39.151:55172] logged in with entity id 92449 at (-466.29567718597025, 87.5, -0.9052474383902103)
[11:29:49] [Server thread/INFO]: Inversia joined the game
[11:29:53] [Server thread/INFO]: [Inversia: Set the weather to clear]
[11:43:12] [Server thread/INFO]: [Inversia: Set the weather to clear]
[11:52:39] [Server thread/INFO]: Stopping the server
[11:52:39] [Server thread/INFO]: Stopping server
[11:52:40] [Server thread/INFO]: Saving players
[11:52:40] [Server thread/INFO]: Inversia lost connection: Disconnected
[11:52:40] [Server thread/INFO]: Inversia left the game
[11:52:40] [Server thread/INFO]: Saving worlds
[11:52:40] [Server thread/INFO]: Saving chunks for level 'ServerLevel[world]'/minecraft:overworld
[11:52:41] [Server thread/INFO]: ThreadedAnvilChunkStorage (world): All chunks are saved
[11:52:41] [Server thread/INFO]: Saving chunks for level 'ServerLevel[world]'/minecraft:the_nether
[11:52:41] [Server thread/INFO]: ThreadedAnvilChunkStorage (DIM-1): All chunks are saved
[11:52:41] [Server thread/INFO]: Saving chunks for level 'ServerLevel[world]'/minecraft:the_end
[11:52:41] [Server thread/INFO]: ThreadedAnvilChunkStorage (DIM1): All chunks are saved
[11:52:41] [Server thread/INFO]: ThreadedAnvilChunkStorage (world): All chunks are saved
[11:52:41] [Server thread/INFO]: ThreadedAnvilChunkStorage (DIM-1): All chunks are saved
[11:52:41] [Server thread/INFO]: ThreadedAnvilChunkStorage (DIM1): All chunks are saved
